<?xml version="1.0" encoding="UTF-8"?>
<!-- Generated by org.testng.reporters.JUnitReportReporter -->
<testsuite hostname="krishna-sabnis" failures="0" tests="1" name="seleniumframework.standalone.submitordertest" time="14.797" errors="0" timestamp="2023-10-06T18:57:26 IST" skipped="0">
  <testcase classname="seleniumframework.standalone.submitordertest" name="submitorder" time="14.797"/>
</testsuite> <!-- seleniumframework.standalone.submitordertest -->
