<?xml version="1.0" encoding="UTF-8"?>
<!-- Generated by org.testng.reporters.JUnitReportReporter -->
<testsuite hostname="krishna-sabnis" failures="0" tests="1" name="seleniumframework.standalone.submitordertest" time="13.897" errors="0" timestamp="2023-10-18T11:15:18 IST" skipped="0">
  <testcase classname="seleniumframework.standalone.submitordertest" name="submitorder" time="13.897"/>
</testsuite> <!-- seleniumframework.standalone.submitordertest -->
